[handleMsg]:  {
  key: {
    remoteJid: '5491154596266@s.whatsapp.net',
    fromMe: false,
    id: 'F1A39C9B800812C7566FC7059FC58DFD',
    participant: undefined
  },
  messageTimestamp: 1676458932,
  pushName: 'Alan Tapoa',
  message: Message {
    extendedTextMessage: ExtendedTextMessage {
      text: 'Hol',
      previewType: 0,
      contextInfo: [ContextInfo],
      inviteLinkGroupTypeV2: 0
    },
    messageContextInfo: MessageContextInfo {
      deviceListMetadata: [DeviceListMetadata],
      deviceListMetadataVersion: 2
    }
  },
  body: 'Hol',
  from: '5491154596266'
}
[handleMsg]:  {
  key: {
    remoteJid: '5491154596266@s.whatsapp.net',
    fromMe: false,
    id: '8B618CEA1209D42CB32A139E30B4C616',
    participant: undefined
  },
  messageTimestamp: 1676458945,
  pushName: 'Alan Tapoa',
  message: Message {
    extendedTextMessage: ExtendedTextMessage {
      text: 'Hola cok9n3stqs',
      previewType: 0,
      contextInfo: [ContextInfo],
      inviteLinkGroupTypeV2: 0
    },
    messageContextInfo: MessageContextInfo {
      deviceListMetadata: [DeviceListMetadata],
      deviceListMetadataVersion: 2
    }
  },
  body: 'Hola cok9n3stqs',
  from: '5491154596266'
}
